<?xml version="1.0" encoding="UTF-8"?>
<!-- Generated by org.testng.reporters.JUnitReportReporter -->
<testsuite skipped="1" hostname="DS-2111AA680738" name="com.ManchesterUnitedKingdom.TestClass.LoginAndForgetPasswordClass" tests="3" failures="0" timestamp="20 Jul 2018 11:39:22 GMT" time="48.767" errors="0">
  <testcase name="LogOUt" time="34.181" classname="com.ManchesterUnitedKingdom.TestClass.LoginAndForgetPasswordClass"/>
  <testcase name="LoginPageModuletest" time="14.586" classname="com.ManchesterUnitedKingdom.TestClass.LoginAndForgetPasswordClass"/>
  <testcase name="frogetPassword" classname="com.ManchesterUnitedKingdom.TestClass.LoginAndForgetPasswordClass">
    <skipped/>
  </testcase> <!-- frogetPassword -->
</testsuite> <!-- com.ManchesterUnitedKingdom.TestClass.LoginAndForgetPasswordClass -->
